<?xml version="1.0" encoding="UTF-8"?>
<robot generator="Robot 6.0.1 (Python 3.10.7 on win32)" generated="20221118 20:16:25.590" rpa="false" schemaversion="3">
<suite id="s1" name="Test Login" source="c:\Users\DAP &amp; Sun\Desktop\RobotframeworcPom\TestCases\Test_Login.robot">
<test id="s1-t1" name="Test_login" line="11">
<kw name="Open_Brow" library="LoginKeywords">
<arg>${url}</arg>
<arg>${browser1}</arg>
<kw name="Open Browser" library="SeleniumLibrary">
<arg>${url}</arg>
<arg>${browser}</arg>
<doc>Opens a new browser instance to the optional ``url``.</doc>
<msg timestamp="20221118 20:16:25.990" level="INFO">Opening browser 'gc' to base url 'https://opensource-demo.orangehrmlive.com/web/index.php/auth/login'.</msg>
<status status="PASS" starttime="20221118 20:16:25.989" endtime="20221118 20:16:31.003"/>
</kw>
<kw name="Maximize Browser Window" library="SeleniumLibrary">
<doc>Maximizes current browser window.</doc>
<status status="PASS" starttime="20221118 20:16:31.004" endtime="20221118 20:16:31.133"/>
</kw>
<kw name="Sleep" library="BuiltIn">
<arg>3</arg>
<doc>Pauses the test executed for the given time.</doc>
<msg timestamp="20221118 20:16:34.142" level="INFO">Slept 3 seconds</msg>
<status status="PASS" starttime="20221118 20:16:31.134" endtime="20221118 20:16:34.143"/>
</kw>
<status status="PASS" starttime="20221118 20:16:25.989" endtime="20221118 20:16:34.144"/>
</kw>
<kw name="EntreUsername" library="LoginKeywords">
<arg>${user}</arg>
<kw name="Input Text" library="SeleniumLibrary">
<arg>${txt_usernameO}</arg>
<arg>${user}</arg>
<doc>Types the given ``text`` into the text field identified by ``locator``.</doc>
<msg timestamp="20221118 20:16:34.149" level="INFO">Typing text 'Admin' into text field 'name:username'.</msg>
<status status="PASS" starttime="20221118 20:16:34.146" endtime="20221118 20:16:34.239"/>
</kw>
<status status="PASS" starttime="20221118 20:16:34.145" endtime="20221118 20:16:34.239"/>
</kw>
<kw name="EnterPass" library="LoginKeywords">
<arg>${pass}</arg>
<kw name="Input Password" library="SeleniumLibrary">
<arg>${txt_passO}</arg>
<arg>${pass}</arg>
<doc>Types the given password into the text field identified by ``locator``.</doc>
<msg timestamp="20221118 20:16:34.241" level="INFO">Typing password into text field 'name:password'.</msg>
<msg timestamp="20221118 20:16:34.285" level="INFO">Temporally setting log level to: NONE</msg>
<msg timestamp="20221118 20:16:34.355" level="INFO">Log level changed from NONE to INFO.</msg>
<status status="PASS" starttime="20221118 20:16:34.240" endtime="20221118 20:16:34.355"/>
</kw>
<status status="PASS" starttime="20221118 20:16:34.240" endtime="20221118 20:16:34.355"/>
</kw>
<kw name="ClickLogin" library="LoginKeywords">
<kw name="Click Button" library="SeleniumLibrary">
<arg>${buttLoginO}</arg>
<doc>Clicks the button identified by ``locator``.</doc>
<msg timestamp="20221118 20:16:34.358" level="INFO">Clicking button 'xpath://button'.</msg>
<status status="PASS" starttime="20221118 20:16:34.357" endtime="20221118 20:16:34.434"/>
</kw>
<status status="PASS" starttime="20221118 20:16:34.356" endtime="20221118 20:16:34.434"/>
</kw>
<kw name="ValidSuccessLogin" library="LoginKeywords">
<kw name="Title Should Be" library="SeleniumLibrary">
<arg>OrangeHRM</arg>
<doc>Verifies that the current page title equals ``title``.</doc>
<msg timestamp="20221118 20:16:35.487" level="INFO">Page title is 'OrangeHRM'.</msg>
<status status="PASS" starttime="20221118 20:16:34.436" endtime="20221118 20:16:35.487"/>
</kw>
<status status="PASS" starttime="20221118 20:16:34.435" endtime="20221118 20:16:35.488"/>
</kw>
<kw name="ClosingBrowser" library="LoginKeywords">
<kw name="Close All Browsers" library="SeleniumLibrary">
<doc>Closes all open browsers and resets the browser cache.</doc>
<status status="PASS" starttime="20221118 20:16:35.489" endtime="20221118 20:16:37.785"/>
</kw>
<status status="PASS" starttime="20221118 20:16:35.488" endtime="20221118 20:16:37.786"/>
</kw>
<status status="PASS" starttime="20221118 20:16:25.988" endtime="20221118 20:16:37.788"/>
</test>
<status status="PASS" starttime="20221118 20:16:25.597" endtime="20221118 20:16:37.794"/>
</suite>
<statistics>
<total>
<stat pass="1" fail="0" skip="0">All Tests</stat>
</total>
<tag>
</tag>
<suite>
<stat pass="1" fail="0" skip="0" id="s1" name="Test Login">Test Login</stat>
</suite>
</statistics>
<errors>
</errors>
</robot>
